<?xml version="1.0" encoding="UTF-8"?>
<!-- Generated by org.testng.reporters.JUnitXMLReporter -->
<testsuite ignored="0" hostname="LAPTOP-OBRRH6M2" failures="0" tests="5" name="Default test" time="0.085" errors="0" timestamp="2024-02-23T01:34:05 IST">
  <testcase classname="SauceDemo.SampleTestNG" name="test4" time="0.005"/>
  <testcase classname="SauceDemo.SampleTestNG" name="test1" time="0.001"/>
  <testcase classname="SauceDemo.SampleTestNG" name="test2" time="0.002"/>
  <testcase classname="SauceDemo.SampleTestNG" name="test3" time="0.001"/>
  <testcase classname="SauceDemo.SampleTestNG" name="test5" time="0.001"/>
</testsuite> <!-- Default test -->
