<?xml version="1.0" encoding="UTF-8"?>
<testng-results ignored="0" total="5" passed="5" failed="0" skipped="0">
  <reporter-output>
  </reporter-output>
  <suite started-at="2024-02-23T01:34:04 IST" name="Default suite" finished-at="2024-02-23T01:34:05 IST" duration-ms="85">
    <groups>
    </groups>
    <test started-at="2024-02-23T01:34:04 IST" name="Default test" finished-at="2024-02-23T01:34:05 IST" duration-ms="85">
      <class name="SauceDemo.SampleTestNG">
        <test-method is-config="true" signature="beforeTest()[pri:0, instance:SauceDemo.SampleTestNG@76494737]" started-at="2024-02-23T01:34:04 IST" name="beforeTest" finished-at="2024-02-23T01:34:04 IST" duration-ms="10" status="PASS">
          <reporter-output>
          </reporter-output>
        </test-method> <!-- beforeTest -->
        <test-method is-config="true" signature="beforeMethod()[pri:0, instance:SauceDemo.SampleTestNG@76494737]" started-at="2024-02-23T01:34:04 IST" name="beforeMethod" finished-at="2024-02-23T01:34:04 IST" duration-ms="1" status="PASS">
          <reporter-output>
          </reporter-output>
        </test-method> <!-- beforeMethod -->
        <test-method signature="test4()[pri:-1, instance:SauceDemo.SampleTestNG@76494737]" started-at="2024-02-23T01:34:04 IST" name="test4" finished-at="2024-02-23T01:34:04 IST" duration-ms="5" status="PASS">
          <reporter-output>
          </reporter-output>
        </test-method> <!-- test4 -->
        <test-method is-config="true" signature="afterMethod()[pri:0, instance:SauceDemo.SampleTestNG@76494737]" started-at="2024-02-23T01:34:04 IST" name="afterMethod" finished-at="2024-02-23T01:34:04 IST" duration-ms="0" status="PASS">
          <reporter-output>
          </reporter-output>
        </test-method> <!-- afterMethod -->
        <test-method is-config="true" signature="beforeMethod()[pri:0, instance:SauceDemo.SampleTestNG@76494737]" started-at="2024-02-23T01:34:04 IST" name="beforeMethod" finished-at="2024-02-23T01:34:04 IST" duration-ms="1" status="PASS">
          <reporter-output>
          </reporter-output>
        </test-method> <!-- beforeMethod -->
        <test-method signature="test1()[pri:0, instance:SauceDemo.SampleTestNG@76494737]" started-at="2024-02-23T01:34:04 IST" name="test1" finished-at="2024-02-23T01:34:04 IST" duration-ms="1" status="PASS">
          <reporter-output>
          </reporter-output>
        </test-method> <!-- test1 -->
        <test-method is-config="true" signature="afterMethod()[pri:0, instance:SauceDemo.SampleTestNG@76494737]" started-at="2024-02-23T01:34:04 IST" name="afterMethod" finished-at="2024-02-23T01:34:04 IST" duration-ms="0" status="PASS">
          <reporter-output>
          </reporter-output>
        </test-method> <!-- afterMethod -->
        <test-method signature="test2()[pri:0, instance:SauceDemo.SampleTestNG@76494737]" started-at="2024-02-23T01:34:04 IST" name="test2" finished-at="2024-02-23T01:34:04 IST" duration-ms="2" status="PASS">
          <reporter-output>
          </reporter-output>
        </test-method> <!-- test2 -->
        <test-method is-config="true" signature="beforeMethod()[pri:0, instance:SauceDemo.SampleTestNG@76494737]" started-at="2024-02-23T01:34:04 IST" name="beforeMethod" finished-at="2024-02-23T01:34:04 IST" duration-ms="0" status="PASS">
          <reporter-output>
          </reporter-output>
        </test-method> <!-- beforeMethod -->
        <test-method is-config="true" signature="afterMethod()[pri:0, instance:SauceDemo.SampleTestNG@76494737]" started-at="2024-02-23T01:34:04 IST" name="afterMethod" finished-at="2024-02-23T01:34:04 IST" duration-ms="1" status="PASS">
          <reporter-output>
          </reporter-output>
        </test-method> <!-- afterMethod -->
        <test-method is-config="true" signature="beforeMethod()[pri:0, instance:SauceDemo.SampleTestNG@76494737]" started-at="2024-02-23T01:34:04 IST" name="beforeMethod" finished-at="2024-02-23T01:34:04 IST" duration-ms="1" status="PASS">
          <reporter-output>
          </reporter-output>
        </test-method> <!-- beforeMethod -->
        <test-method signature="test3()[pri:1, instance:SauceDemo.SampleTestNG@76494737]" started-at="2024-02-23T01:34:04 IST" name="test3" finished-at="2024-02-23T01:34:04 IST" duration-ms="1" status="PASS">
          <reporter-output>
          </reporter-output>
        </test-method> <!-- test3 -->
        <test-method is-config="true" signature="afterMethod()[pri:0, instance:SauceDemo.SampleTestNG@76494737]" started-at="2024-02-23T01:34:04 IST" name="afterMethod" finished-at="2024-02-23T01:34:04 IST" duration-ms="0" status="PASS">
          <reporter-output>
          </reporter-output>
        </test-method> <!-- afterMethod -->
        <test-method is-config="true" signature="beforeMethod()[pri:0, instance:SauceDemo.SampleTestNG@76494737]" started-at="2024-02-23T01:34:04 IST" name="beforeMethod" finished-at="2024-02-23T01:34:04 IST" duration-ms="1" status="PASS">
          <reporter-output>
          </reporter-output>
        </test-method> <!-- beforeMethod -->
        <test-method signature="test5()[pri:2, instance:SauceDemo.SampleTestNG@76494737]" started-at="2024-02-23T01:34:04 IST" name="test5" finished-at="2024-02-23T01:34:04 IST" duration-ms="1" status="PASS">
          <reporter-output>
          </reporter-output>
        </test-method> <!-- test5 -->
        <test-method is-config="true" signature="afterMethod()[pri:0, instance:SauceDemo.SampleTestNG@76494737]" started-at="2024-02-23T01:34:04 IST" name="afterMethod" finished-at="2024-02-23T01:34:04 IST" duration-ms="0" status="PASS">
          <reporter-output>
          </reporter-output>
        </test-method> <!-- afterMethod -->
        <test-method is-config="true" signature="afterClass()[pri:0, instance:SauceDemo.SampleTestNG@76494737]" started-at="2024-02-23T01:34:05 IST" name="afterClass" finished-at="2024-02-23T01:34:05 IST" duration-ms="1" status="PASS">
          <reporter-output>
          </reporter-output>
        </test-method> <!-- afterClass -->
        <test-method is-config="true" signature="aftertest()[pri:0, instance:SauceDemo.SampleTestNG@76494737]" started-at="2024-02-23T01:34:05 IST" name="aftertest" finished-at="2024-02-23T01:34:05 IST" duration-ms="1" status="PASS">
          <reporter-output>
          </reporter-output>
        </test-method> <!-- aftertest -->
      </class> <!-- SauceDemo.SampleTestNG -->
    </test> <!-- Default test -->
  </suite> <!-- Default suite -->
</testng-results>
